2026-02-08T13:36:42.790Z INFO Is remote: false
2026-02-08T13:36:42.792Z INFO Starting Local. Installation path: d:\portfolio\MVP-ResearchPortfolio
2026-02-08T13:36:42.793Z INFO [MainProvider] Creating new MainProvider instance...
2026-02-08T13:36:42.794Z INFO [TabsManager] Code view listener set up at initialization
2026-02-08T13:36:42.796Z INFO Installation path exists: d:\portfolio\MVP-ResearchPortfolio
2026-02-08T13:36:42.797Z INFO Initializing database with URL: file:d:\portfolio\MVP-ResearchPortfolio\pythagora-core\data\database\pythagora.db
2026-02-08T13:36:42.800Z INFO Database file exists, skipping prisma generate/push for faster startup
2026-02-08T13:36:42.800Z INFO Database initialized successfully
2026-02-08T13:36:42.801Z INFO [Migration] Checking for database migration...
2026-02-08T13:36:42.990Z INFO [Migration] No migration needed
2026-02-08T13:36:43.027Z INFO Starting right sidebar creation...
2026-02-08T13:36:43.028Z INFO Initializing MainProvider...
2026-02-08T13:36:43.029Z INFO Updating user profile...
2026-02-08T13:36:43.030Z INFO No access token found when trying to fetch user profile
2026-02-08T13:36:43.031Z INFO Creating right panel...
2026-02-08T13:36:43.032Z INFO Creating right panel...
2026-02-08T13:36:43.033Z INFO Closing all existing tabs...
2026-02-08T13:36:43.036Z INFO Right panel webview created
2026-02-08T13:36:43.041Z INFO Right panel HTML set successfully
2026-02-08T13:36:43.047Z INFO Right panel setup completed
2026-02-08T13:36:43.050Z INFO Setting up right panel dependencies...
2026-02-08T13:36:43.087Z INFO Right panel dependencies setup complete, waiting for ready signal...
2026-02-08T13:36:44.606Z INFO [Message Router] Routing rightPanelReady through unified router
2026-02-08T13:36:44.714Z INFO [Message Router] Routing rightBarRendered through unified router
2026-02-08T13:36:44.716Z INFO Right panel setup completed successfully
2026-02-08T13:36:44.717Z INFO Right panel created via MainProvider
2026-02-08T13:36:44.719Z INFO Storing initial prompt...
2026-02-08T13:36:44.720Z INFO Tracing first panel open...
2026-02-08T13:36:44.720Z INFO Right sidebar setup completed successfully
2026-02-08T13:36:47.627Z INFO Right panel disposed, triggering cleanup...
2026-02-08T13:36:47.628Z INFO Right panel disposed, cleaning up...
2026-02-08T13:36:47.629Z INFO [Message Router] Routing coreExited through unified router
2026-02-08T13:36:47.629Z INFO Closing entire Pythagora extension...
2026-02-08T13:36:47.658Z INFO Pythagora extension closed
2026-02-08T13:37:59.394Z INFO Closing entire Pythagora extension...
2026-02-08T13:37:59.400Z ERROR Error closing extension
Error: Canceled
Stack: Canceled: Canceled
	at new OU (file:///c:/Users/Kathan%20Vyas/AppData/Local/Programs/Microsoft%20VS%20Code/resources/app/out/vs/workbench/api/node/extensionHostProcess.js:29:120707)
	at AE.U (file:///c:/Users/Kathan%20Vyas/AppData/Local/Programs/Microsoft%20VS%20Code/resources/app/out/vs/workbench/api/node/extensionHostProcess.js:29:125317)
	at s.<computed>.n.charCodeAt.s.<computed> (file:///c:/Users/Kathan%20Vyas/AppData/Local/Programs/Microsoft%20VS%20Code/resources/app/out/vs/workbench/api/node/extensionHostProcess.js:29:122811)
	at mA.g (file:///c:/Users/Kathan%20Vyas/AppData/Local/Programs/Microsoft%20VS%20Code/resources/app/out/vs/workbench/api/node/extensionHostProcess.js:116:41231)
	at mA.executeCommand (file:///c:/Users/Kathan%20Vyas/AppData/Local/Programs/Microsoft%20VS%20Code/resources/app/out/vs/workbench/api/node/extensionHostProcess.js:116:40735)
	at Object.executeCommand (file:///c:/Users/Kathan%20Vyas/AppData/Local/Programs/Microsoft%20VS%20Code/resources/app/out/vs/workbench/api/node/extensionHostProcess.js:213:102115)
	at closeEntirePythagoraExtension (c:\Users\Kathan Vyas\.vscode\extensions\pythagoratechnologies.pythagora-vs-code-2.6.19\out\extension.js:542:31)
	at Object.deactivate (c:\Users\Kathan Vyas\.vscode\extensions\pythagoratechnologies.pythagora-vs-code-2.6.19\out\extension.js:409:15)
	at kK.eb (file:///c:/Users/Kathan%20Vyas/AppData/Local/Programs/Microsoft%20VS%20Code/resources/app/out/vs/workbench/api/node/extensionHostProcess.js:120:11850)
	at file:///c:/Users/Kathan%20Vyas/AppData/Local/Programs/Microsoft%20VS%20Code/resources/app/out/vs/workbench/api/node/extensionHostProcess.js:120:10000
	at Array.map (<anonymous>)
	at kK.$ (file:///c:/Users/Kathan%20Vyas/AppData/Local/Programs/Microsoft%20VS%20Code/resources/app/out/vs/workbench/api/node/extensionHostProcess.js:120:9988)
	at kK.terminate (file:///c:/Users/Kathan%20Vyas/AppData/Local/Programs/Microsoft%20VS%20Code/resources/app/out/vs/workbench/api/node/extensionHostProcess.js:120:10231)
	at UM.terminate (file:///c:/Users/Kathan%20Vyas/AppData/Local/Programs/Microsoft%20VS%20Code/resources/app/out/vs/workbench/api/node/extensionHostProcess.js:122:914)
	at _s (file:///c:/Users/Kathan%20Vyas/AppData/Local/Programs/Microsoft%20VS%20Code/resources/app/out/vs/workbench/api/node/extensionHostProcess.js:405:11135)
	at MessagePortMain.<anonymous> (file:///c:/Users/Kathan%20Vyas/AppData/Local/Programs/Microsoft%20VS%20Code/resources/app/out/vs/workbench/api/node/extensionHostProcess.js:405:7610)
	at MessagePortMain.emit (node:events:519:28)
	at MessagePortMain.emit (node:domain:489:12)
	at MessagePortMain._internalPort.emit (node:electron/js2c/utility_init:2:2959)
Extra context: {
  "message": "Canceled"
}
